Determining if the pthread_create exist failed with the following output:
Change Dir: /home/mario/roomba_host/build/CMakeFiles/CMakeTmp

Run Build Command:"/usr/bin/make" "cmTC_a68d3/fast"
/usr/bin/make -f CMakeFiles/cmTC_a68d3.dir/build.make CMakeFiles/cmTC_a68d3.dir/build
make[1]: Entering directory '/home/mario/roomba_host/build/CMakeFiles/CMakeTmp'
Building C object CMakeFiles/cmTC_a68d3.dir/CheckSymbolExists.c.o
/usr/bin/cc     -o CMakeFiles/cmTC_a68d3.dir/CheckSymbolExists.c.o   -c /home/mario/roomba_host/build/CMakeFiles/CMakeTmp/CheckSymbolExists.c
Linking C executable cmTC_a68d3
/usr/bin/cmake -E cmake_link_script CMakeFiles/cmTC_a68d3.dir/link.txt --verbose=1
/usr/bin/cc       CMakeFiles/cmTC_a68d3.dir/CheckSymbolExists.c.o  -o cmTC_a68d3 -rdynamic 
CMakeFiles/cmTC_a68d3.dir/CheckSymbolExists.c.o: In function `main':
CheckSymbolExists.c:(.text+0x16): undefined reference to `pthread_create'
collect2: error: ld returned 1 exit status
CMakeFiles/cmTC_a68d3.dir/build.make:97: recipe for target 'cmTC_a68d3' failed
make[1]: *** [cmTC_a68d3] Error 1
make[1]: Leaving directory '/home/mario/roomba_host/build/CMakeFiles/CMakeTmp'
Makefile:126: recipe for target 'cmTC_a68d3/fast' failed
make: *** [cmTC_a68d3/fast] Error 2

File /home/mario/roomba_host/build/CMakeFiles/CMakeTmp/CheckSymbolExists.c:
/* */
#include <pthread.h>

int main(int argc, char** argv)
{
  (void)argv;
#ifndef pthread_create
  return ((int*)(&pthread_create))[argc];
#else
  (void)argc;
  return 0;
#endif
}

Determining if the function pthread_create exists in the pthreads failed with the following output:
Change Dir: /home/mario/roomba_host/build/CMakeFiles/CMakeTmp

Run Build Command:"/usr/bin/make" "cmTC_8b98a/fast"
/usr/bin/make -f CMakeFiles/cmTC_8b98a.dir/build.make CMakeFiles/cmTC_8b98a.dir/build
make[1]: Entering directory '/home/mario/roomba_host/build/CMakeFiles/CMakeTmp'
Building C object CMakeFiles/cmTC_8b98a.dir/CheckFunctionExists.c.o
/usr/bin/cc    -DCHECK_FUNCTION_EXISTS=pthread_create   -o CMakeFiles/cmTC_8b98a.dir/CheckFunctionExists.c.o   -c /usr/share/cmake-3.5/Modules/CheckFunctionExists.c
Linking C executable cmTC_8b98a
/usr/bin/cmake -E cmake_link_script CMakeFiles/cmTC_8b98a.dir/link.txt --verbose=1
/usr/bin/cc   -DCHECK_FUNCTION_EXISTS=pthread_create    CMakeFiles/cmTC_8b98a.dir/CheckFunctionExists.c.o  -o cmTC_8b98a -rdynamic -lpthreads 
/usr/bin/ld: cannot find -lpthreads
collect2: error: ld returned 1 exit status
CMakeFiles/cmTC_8b98a.dir/build.make:97: recipe for target 'cmTC_8b98a' failed
make[1]: *** [cmTC_8b98a] Error 1
make[1]: Leaving directory '/home/mario/roomba_host/build/CMakeFiles/CMakeTmp'
Makefile:126: recipe for target 'cmTC_8b98a/fast' failed
make: *** [cmTC_8b98a/fast] Error 2


Determining if the pthread_create exist failed with the following output:
Change Dir: /home/mario/Computations/roomba_host/build/CMakeFiles/CMakeTmp

Run Build Command:"/usr/bin/make" "cmTC_f1391/fast"
/usr/bin/make -f CMakeFiles/cmTC_f1391.dir/build.make CMakeFiles/cmTC_f1391.dir/build
make[1]: Entering directory '/home/mario/Computations/roomba_host/build/CMakeFiles/CMakeTmp'
Building C object CMakeFiles/cmTC_f1391.dir/CheckSymbolExists.c.o
/usr/bin/cc     -o CMakeFiles/cmTC_f1391.dir/CheckSymbolExists.c.o   -c /home/mario/Computations/roomba_host/build/CMakeFiles/CMakeTmp/CheckSymbolExists.c
Linking C executable cmTC_f1391
/usr/bin/cmake -E cmake_link_script CMakeFiles/cmTC_f1391.dir/link.txt --verbose=1
/usr/bin/cc       CMakeFiles/cmTC_f1391.dir/CheckSymbolExists.c.o  -o cmTC_f1391 -rdynamic 
CMakeFiles/cmTC_f1391.dir/CheckSymbolExists.c.o: In function `main':
CheckSymbolExists.c:(.text+0x16): undefined reference to `pthread_create'
collect2: error: ld returned 1 exit status
CMakeFiles/cmTC_f1391.dir/build.make:97: recipe for target 'cmTC_f1391' failed
make[1]: *** [cmTC_f1391] Error 1
make[1]: Leaving directory '/home/mario/Computations/roomba_host/build/CMakeFiles/CMakeTmp'
Makefile:126: recipe for target 'cmTC_f1391/fast' failed
make: *** [cmTC_f1391/fast] Error 2

File /home/mario/Computations/roomba_host/build/CMakeFiles/CMakeTmp/CheckSymbolExists.c:
/* */
#include <pthread.h>

int main(int argc, char** argv)
{
  (void)argv;
#ifndef pthread_create
  return ((int*)(&pthread_create))[argc];
#else
  (void)argc;
  return 0;
#endif
}

Determining if the function pthread_create exists in the pthreads failed with the following output:
Change Dir: /home/mario/Computations/roomba_host/build/CMakeFiles/CMakeTmp

Run Build Command:"/usr/bin/make" "cmTC_a7ee5/fast"
/usr/bin/make -f CMakeFiles/cmTC_a7ee5.dir/build.make CMakeFiles/cmTC_a7ee5.dir/build
make[1]: Entering directory '/home/mario/Computations/roomba_host/build/CMakeFiles/CMakeTmp'
Building C object CMakeFiles/cmTC_a7ee5.dir/CheckFunctionExists.c.o
/usr/bin/cc    -DCHECK_FUNCTION_EXISTS=pthread_create   -o CMakeFiles/cmTC_a7ee5.dir/CheckFunctionExists.c.o   -c /usr/share/cmake-3.5/Modules/CheckFunctionExists.c
Linking C executable cmTC_a7ee5
/usr/bin/cmake -E cmake_link_script CMakeFiles/cmTC_a7ee5.dir/link.txt --verbose=1
/usr/bin/cc   -DCHECK_FUNCTION_EXISTS=pthread_create    CMakeFiles/cmTC_a7ee5.dir/CheckFunctionExists.c.o  -o cmTC_a7ee5 -rdynamic -lpthreads 
/usr/bin/ld: cannot find -lpthreads
collect2: error: ld returned 1 exit status
CMakeFiles/cmTC_a7ee5.dir/build.make:97: recipe for target 'cmTC_a7ee5' failed
make[1]: *** [cmTC_a7ee5] Error 1
make[1]: Leaving directory '/home/mario/Computations/roomba_host/build/CMakeFiles/CMakeTmp'
Makefile:126: recipe for target 'cmTC_a7ee5/fast' failed
make: *** [cmTC_a7ee5/fast] Error 2


Determining if the pthread_create exist failed with the following output:
Change Dir: /home/dan/Computations/roomba_host/build/CMakeFiles/CMakeTmp

Run Build Command:"/usr/bin/make" "cmTC_b36ac/fast"
/usr/bin/make -f CMakeFiles/cmTC_b36ac.dir/build.make CMakeFiles/cmTC_b36ac.dir/build
make[1]: Entering directory '/home/dan/Computations/roomba_host/build/CMakeFiles/CMakeTmp'
Building C object CMakeFiles/cmTC_b36ac.dir/CheckSymbolExists.c.o
/usr/bin/cc    -o CMakeFiles/cmTC_b36ac.dir/CheckSymbolExists.c.o   -c /home/dan/Computations/roomba_host/build/CMakeFiles/CMakeTmp/CheckSymbolExists.c
Linking C executable cmTC_b36ac
/usr/local/bin/cmake -E cmake_link_script CMakeFiles/cmTC_b36ac.dir/link.txt --verbose=1
/usr/bin/cc      -rdynamic CMakeFiles/cmTC_b36ac.dir/CheckSymbolExists.c.o  -o cmTC_b36ac 
CMakeFiles/cmTC_b36ac.dir/CheckSymbolExists.c.o: In function `main':
CheckSymbolExists.c:(.text+0x16): undefined reference to `pthread_create'
collect2: error: ld returned 1 exit status
CMakeFiles/cmTC_b36ac.dir/build.make:97: recipe for target 'cmTC_b36ac' failed
make[1]: *** [cmTC_b36ac] Error 1
make[1]: Leaving directory '/home/dan/Computations/roomba_host/build/CMakeFiles/CMakeTmp'
Makefile:126: recipe for target 'cmTC_b36ac/fast' failed
make: *** [cmTC_b36ac/fast] Error 2

File /home/dan/Computations/roomba_host/build/CMakeFiles/CMakeTmp/CheckSymbolExists.c:
/* */
#include <pthread.h>

int main(int argc, char** argv)
{
  (void)argv;
#ifndef pthread_create
  return ((int*)(&pthread_create))[argc];
#else
  (void)argc;
  return 0;
#endif
}

Determining if the function pthread_create exists in the pthreads failed with the following output:
Change Dir: /home/dan/Computations/roomba_host/build/CMakeFiles/CMakeTmp

Run Build Command:"/usr/bin/make" "cmTC_45db3/fast"
/usr/bin/make -f CMakeFiles/cmTC_45db3.dir/build.make CMakeFiles/cmTC_45db3.dir/build
make[1]: Entering directory '/home/dan/Computations/roomba_host/build/CMakeFiles/CMakeTmp'
Building C object CMakeFiles/cmTC_45db3.dir/CheckFunctionExists.c.o
/usr/bin/cc   -DCHECK_FUNCTION_EXISTS=pthread_create   -o CMakeFiles/cmTC_45db3.dir/CheckFunctionExists.c.o   -c /usr/local/share/cmake-3.9/Modules/CheckFunctionExists.c
Linking C executable cmTC_45db3
/usr/local/bin/cmake -E cmake_link_script CMakeFiles/cmTC_45db3.dir/link.txt --verbose=1
/usr/bin/cc  -DCHECK_FUNCTION_EXISTS=pthread_create    -rdynamic CMakeFiles/cmTC_45db3.dir/CheckFunctionExists.c.o  -o cmTC_45db3 -lpthreads 
/usr/bin/ld: cannot find -lpthreads
collect2: error: ld returned 1 exit status
CMakeFiles/cmTC_45db3.dir/build.make:97: recipe for target 'cmTC_45db3' failed
make[1]: *** [cmTC_45db3] Error 1
make[1]: Leaving directory '/home/dan/Computations/roomba_host/build/CMakeFiles/CMakeTmp'
Makefile:126: recipe for target 'cmTC_45db3/fast' failed
make: *** [cmTC_45db3/fast] Error 2


Determining if the pthread_create exist failed with the following output:
Change Dir: /home/josh/Computations/roomba_host/build/CMakeFiles/CMakeTmp

Run Build Command:"/usr/bin/make" "cmTC_694b6/fast"
/usr/bin/make -f CMakeFiles/cmTC_694b6.dir/build.make CMakeFiles/cmTC_694b6.dir/build
make[1]: Entering directory '/home/josh/Computations/roomba_host/build/CMakeFiles/CMakeTmp'
Building C object CMakeFiles/cmTC_694b6.dir/CheckSymbolExists.c.o
/usr/bin/cc     -o CMakeFiles/cmTC_694b6.dir/CheckSymbolExists.c.o   -c /home/josh/Computations/roomba_host/build/CMakeFiles/CMakeTmp/CheckSymbolExists.c
Linking C executable cmTC_694b6
/usr/bin/cmake -E cmake_link_script CMakeFiles/cmTC_694b6.dir/link.txt --verbose=1
/usr/bin/cc       CMakeFiles/cmTC_694b6.dir/CheckSymbolExists.c.o  -o cmTC_694b6 -rdynamic 
CMakeFiles/cmTC_694b6.dir/CheckSymbolExists.c.o: In function `main':
CheckSymbolExists.c:(.text+0x16): undefined reference to `pthread_create'
collect2: error: ld returned 1 exit status
CMakeFiles/cmTC_694b6.dir/build.make:97: recipe for target 'cmTC_694b6' failed
make[1]: *** [cmTC_694b6] Error 1
make[1]: Leaving directory '/home/josh/Computations/roomba_host/build/CMakeFiles/CMakeTmp'
Makefile:126: recipe for target 'cmTC_694b6/fast' failed
make: *** [cmTC_694b6/fast] Error 2

File /home/josh/Computations/roomba_host/build/CMakeFiles/CMakeTmp/CheckSymbolExists.c:
/* */
#include <pthread.h>

int main(int argc, char** argv)
{
  (void)argv;
#ifndef pthread_create
  return ((int*)(&pthread_create))[argc];
#else
  (void)argc;
  return 0;
#endif
}

Determining if the function pthread_create exists in the pthreads failed with the following output:
Change Dir: /home/josh/Computations/roomba_host/build/CMakeFiles/CMakeTmp

Run Build Command:"/usr/bin/make" "cmTC_a00dc/fast"
/usr/bin/make -f CMakeFiles/cmTC_a00dc.dir/build.make CMakeFiles/cmTC_a00dc.dir/build
make[1]: Entering directory '/home/josh/Computations/roomba_host/build/CMakeFiles/CMakeTmp'
Building C object CMakeFiles/cmTC_a00dc.dir/CheckFunctionExists.c.o
/usr/bin/cc    -DCHECK_FUNCTION_EXISTS=pthread_create   -o CMakeFiles/cmTC_a00dc.dir/CheckFunctionExists.c.o   -c /usr/share/cmake-3.5/Modules/CheckFunctionExists.c
Linking C executable cmTC_a00dc
/usr/bin/cmake -E cmake_link_script CMakeFiles/cmTC_a00dc.dir/link.txt --verbose=1
/usr/bin/cc   -DCHECK_FUNCTION_EXISTS=pthread_create    CMakeFiles/cmTC_a00dc.dir/CheckFunctionExists.c.o  -o cmTC_a00dc -rdynamic -lpthreads 
/usr/bin/ld: cannot find -lpthreads
collect2: error: ld returned 1 exit status
CMakeFiles/cmTC_a00dc.dir/build.make:97: recipe for target 'cmTC_a00dc' failed
make[1]: *** [cmTC_a00dc] Error 1
make[1]: Leaving directory '/home/josh/Computations/roomba_host/build/CMakeFiles/CMakeTmp'
Makefile:126: recipe for target 'cmTC_a00dc/fast' failed
make: *** [cmTC_a00dc/fast] Error 2


